<?xml version="1.0" encoding="UTF-8"?>
<!-- Generated by org.testng.reporters.JUnitReportReporter -->
<testsuite hostname="LAPTOP-5KMFOFH9" failures="0" tests="1" name="testNGDemo.HeadlessTest" time="7.252" errors="0" timestamp="2022-12-13T14:33:13 IST" skipped="0">
  <testcase classname="testNGDemo.HeadlessTest" name="headlessTest" time="7.252"/>
  <system-out/>
</testsuite> <!-- testNGDemo.HeadlessTest -->
