<?xml version="1.0" encoding="UTF-8"?>
<!-- Generated by org.testng.reporters.JUnitReportReporter -->
<testsuite hostname="LAPTOP-5KMFOFH9" failures="0" tests="1" name="testNGDemo.WebDriverWaitRealUseCase" time="12.126" errors="0" timestamp="2022-12-13T14:03:13 IST" skipped="0">
  <testcase classname="testNGDemo.WebDriverWaitRealUseCase" name="dynamicLoading" time="12.126"/>
  <system-out/>
</testsuite> <!-- testNGDemo.WebDriverWaitRealUseCase -->
