<?xml version="1.0" encoding="UTF-8"?>
<!-- Generated by org.testng.reporters.JUnitReportReporter -->
<testsuite hostname="LAPTOP-5KMFOFH9" failures="0" tests="1" name="seleniumGrid.GridTest" time="6.041" errors="0" timestamp="2022-12-17T12:29:23 IST" skipped="0">
  <testcase classname="seleniumGrid.GridTest" name="chromeTest" time="6.041"/>
  <system-out/>
</testsuite> <!-- seleniumGrid.GridTest -->
